TimeQuest Timing Analyzer report for MIPS_System
Sat May 23 18:46:46 2020
Quartus II 64-Bit Version 13.0.1 Build 232 06/12/2013 Service Pack 1 SJ Full Version


---------------------
; Table of Contents ;
---------------------
  1. Legal Notice
  2. TimeQuest Timing Analyzer Summary
  3. Parallel Compilation
  4. SDC File List
  5. Clocks
  6. Slow Model Fmax Summary
  7. Slow Model Setup Summary
  8. Slow Model Hold Summary
  9. Slow Model Recovery Summary
 10. Slow Model Removal Summary
 11. Slow Model Minimum Pulse Width Summary
 12. Slow Model Setup: 'clk_sys'
 13. Slow Model Hold: 'clk_sys'
 14. Slow Model Minimum Pulse Width: 'clk_sys'
 15. Slow Model Datasheet Report
 16. Fast Model Setup Summary
 17. Fast Model Hold Summary
 18. Fast Model Recovery Summary
 19. Fast Model Removal Summary
 20. Fast Model Minimum Pulse Width Summary
 21. Fast Model Setup: 'clk_sys'
 22. Fast Model Hold: 'clk_sys'
 23. Fast Model Minimum Pulse Width: 'clk_sys'
 24. Fast Model Datasheet Report
 25. Multicorner Timing Analysis Summary
 26. Setup Transfers
 27. Hold Transfers
 28. Report TCCS
 29. Report RSKM
 30. Unconstrained Paths
 31. TimeQuest Timing Analyzer Messages



----------------
; Legal Notice ;
----------------
Copyright (C) 1991-2013 Altera Corporation
Your use of Altera Corporation's design tools, logic functions 
and other software and tools, and its AMPP partner logic 
functions, and any output files from any of the foregoing 
(including device programming or simulation files), and any 
associated documentation or information are expressly subject 
to the terms and conditions of the Altera Program License 
Subscription Agreement, Altera MegaCore Function License 
Agreement, or other applicable license agreement, including, 
without limitation, that your use is for the sole purpose of 
programming logic devices manufactured by Altera and sold by 
Altera or its authorized distributors.  Please refer to the 
applicable agreement for further details.



+-----------------------------------------------------------------------------------------+
; TimeQuest Timing Analyzer Summary                                                       ;
+--------------------+--------------------------------------------------------------------+
; Quartus II Version ; Version 13.0.1 Build 232 06/12/2013 Service Pack 1 SJ Full Version ;
; Revision Name      ; MIPS_System                                                        ;
; Device Family      ; Cyclone II                                                         ;
; Device Name        ; EP2C35F672C6                                                       ;
; Timing Models      ; Final                                                              ;
; Delay Model        ; Combined                                                           ;
; Rise/Fall Delays   ; Unavailable                                                        ;
+--------------------+--------------------------------------------------------------------+


+------------------------------------------+
; Parallel Compilation                     ;
+----------------------------+-------------+
; Processors                 ; Number      ;
+----------------------------+-------------+
; Number detected on machine ; 16          ;
; Maximum allowed            ; 8           ;
;                            ;             ;
; Average used               ; 1.00        ;
; Maximum used               ; 1           ;
;                            ;             ;
; Usage by Processor         ; % Time Used ;
;     Processor 1            ; 100.0%      ;
;     Processors 2-16        ;   0.0%      ;
+----------------------------+-------------+


+-----------------------------------------------------+
; SDC File List                                       ;
+-----------------+--------+--------------------------+
; SDC File Path   ; Status ; Read at                  ;
+-----------------+--------+--------------------------+
; MIPS_System.sdc ; OK     ; Sat May 23 18:46:45 2020 ;
+-----------------+--------+--------------------------+


+--------------------------------------------------------------------------------------------------------------------------------------------------------------------------------------+
; Clocks                                                                                                                                                                               ;
+------------+------+--------+-----------+-------+--------+------------+-----------+-------------+-------+--------+-----------+------------+----------+--------+--------+--------------+
; Clock Name ; Type ; Period ; Frequency ; Rise  ; Fall   ; Duty Cycle ; Divide by ; Multiply by ; Phase ; Offset ; Edge List ; Edge Shift ; Inverted ; Master ; Source ; Targets      ;
+------------+------+--------+-----------+-------+--------+------------+-----------+-------------+-------+--------+-----------+------------+----------+--------+--------+--------------+
; clk_sys    ; Base ; 20.000 ; 50.0 MHz  ; 0.000 ; 10.000 ;            ;           ;             ;       ;        ;           ;            ;          ;        ;        ; { CLOCK_50 } ;
+------------+------+--------+-----------+-------+--------+------------+-----------+-------------+-------+--------+-----------+------------+----------+--------+--------+--------------+


+------------------------------------------------------------------------------------------------------------+
; Slow Model Fmax Summary                                                                                    ;
+-------------+-----------------+------------+---------------------------------------------------------------+
; Fmax        ; Restricted Fmax ; Clock Name ; Note                                                          ;
+-------------+-----------------+------------+---------------------------------------------------------------+
; 1310.62 MHz ; 420.17 MHz      ; clk_sys    ; limit due to minimum period restriction (max I/O toggle rate) ;
+-------------+-----------------+------------+---------------------------------------------------------------+
This panel reports FMAX for every clock in the design, regardless of the user-specified clock periods.  FMAX is only computed for paths where the source and destination registers or ports are driven by the same clock.  Paths of different clocks, including generated clocks, are ignored.  For paths between a clock and its inversion, FMAX is computed as if the rising and falling edges are scaled along with FMAX, such that the duty cycle (in terms of a percentage) is maintained. Altera recommends that you always use clock constraints and other slack reports for sign-off analysis.


+----------------------------------+
; Slow Model Setup Summary         ;
+---------+--------+---------------+
; Clock   ; Slack  ; End Point TNS ;
+---------+--------+---------------+
; clk_sys ; 19.237 ; 0.000         ;
+---------+--------+---------------+


+----------------------------------+
; Slow Model Hold Summary          ;
+---------+--------+---------------+
; Clock   ; Slack  ; End Point TNS ;
+---------+--------+---------------+
; clk_sys ; -0.205 ; -0.401        ;
+---------+--------+---------------+


-------------------------------
; Slow Model Recovery Summary ;
-------------------------------
No paths to report.


------------------------------
; Slow Model Removal Summary ;
------------------------------
No paths to report.


+----------------------------------------+
; Slow Model Minimum Pulse Width Summary ;
+---------+-------+----------------------+
; Clock   ; Slack ; End Point TNS        ;
+---------+-------+----------------------+
; clk_sys ; 9.000 ; 0.000                ;
+---------+-------+----------------------+


+----------------------------------------------------------------------------------------------------------------------------+
; Slow Model Setup: 'clk_sys'                                                                                                ;
+--------+----------------------+----------------------+--------------+-------------+--------------+------------+------------+
; Slack  ; From Node            ; To Node              ; Launch Clock ; Latch Clock ; Relationship ; Clock Skew ; Data Delay ;
+--------+----------------------+----------------------+--------------+-------------+--------------+------------+------------+
; 19.237 ; ClockBlk:pll0|cnt.00 ; ClockBlk:pll0|cnt.01 ; clk_sys      ; clk_sys     ; 20.000       ; 0.000      ; 0.799      ;
; 19.247 ; ClockBlk:pll0|cnt.01 ; ClockBlk:pll0|cnt.10 ; clk_sys      ; clk_sys     ; 20.000       ; 0.000      ; 0.789      ;
; 19.247 ; ClockBlk:pll0|cnt.11 ; ClockBlk:pll0|cnt.00 ; clk_sys      ; clk_sys     ; 20.000       ; 0.000      ; 0.789      ;
; 19.250 ; ClockBlk:pll0|cnt.10 ; ClockBlk:pll0|cnt.11 ; clk_sys      ; clk_sys     ; 20.000       ; 0.000      ; 0.786      ;
; 19.304 ; ClockBlk:pll0|cnt.01 ; ClockBlk:pll0|c2     ; clk_sys      ; clk_sys     ; 20.000       ; 0.728      ; 1.460      ;
; 19.572 ; ClockBlk:pll0|cnt.00 ; ClockBlk:pll0|c2     ; clk_sys      ; clk_sys     ; 20.000       ; 0.728      ; 1.192      ;
; 19.694 ; ClockBlk:pll0|cnt.00 ; ClockBlk:pll0|c1     ; clk_sys      ; clk_sys     ; 20.000       ; 0.728      ; 1.070      ;
; 19.698 ; ClockBlk:pll0|cnt.01 ; ClockBlk:pll0|c0     ; clk_sys      ; clk_sys     ; 20.000       ; 0.728      ; 1.066      ;
; 19.966 ; ClockBlk:pll0|cnt.00 ; ClockBlk:pll0|c0     ; clk_sys      ; clk_sys     ; 20.000       ; 0.728      ; 0.798      ;
; 19.975 ; ClockBlk:pll0|cnt.11 ; ClockBlk:pll0|c1     ; clk_sys      ; clk_sys     ; 20.000       ; 0.728      ; 0.789      ;
+--------+----------------------+----------------------+--------------+-------------+--------------+------------+------------+


+----------------------------------------------------------------------------------------------------------------------------+
; Slow Model Hold: 'clk_sys'                                                                                                 ;
+--------+----------------------+----------------------+--------------+-------------+--------------+------------+------------+
; Slack  ; From Node            ; To Node              ; Launch Clock ; Latch Clock ; Relationship ; Clock Skew ; Data Delay ;
+--------+----------------------+----------------------+--------------+-------------+--------------+------------+------------+
; -0.205 ; ClockBlk:pll0|cnt.11 ; ClockBlk:pll0|c1     ; clk_sys      ; clk_sys     ; 0.000        ; 0.728      ; 0.789      ;
; -0.196 ; ClockBlk:pll0|cnt.00 ; ClockBlk:pll0|c0     ; clk_sys      ; clk_sys     ; 0.000        ; 0.728      ; 0.798      ;
; 0.072  ; ClockBlk:pll0|cnt.01 ; ClockBlk:pll0|c0     ; clk_sys      ; clk_sys     ; 0.000        ; 0.728      ; 1.066      ;
; 0.076  ; ClockBlk:pll0|cnt.00 ; ClockBlk:pll0|c1     ; clk_sys      ; clk_sys     ; 0.000        ; 0.728      ; 1.070      ;
; 0.198  ; ClockBlk:pll0|cnt.00 ; ClockBlk:pll0|c2     ; clk_sys      ; clk_sys     ; 0.000        ; 0.728      ; 1.192      ;
; 0.466  ; ClockBlk:pll0|cnt.01 ; ClockBlk:pll0|c2     ; clk_sys      ; clk_sys     ; 0.000        ; 0.728      ; 1.460      ;
; 0.520  ; ClockBlk:pll0|cnt.10 ; ClockBlk:pll0|cnt.11 ; clk_sys      ; clk_sys     ; 0.000        ; 0.000      ; 0.786      ;
; 0.523  ; ClockBlk:pll0|cnt.01 ; ClockBlk:pll0|cnt.10 ; clk_sys      ; clk_sys     ; 0.000        ; 0.000      ; 0.789      ;
; 0.523  ; ClockBlk:pll0|cnt.11 ; ClockBlk:pll0|cnt.00 ; clk_sys      ; clk_sys     ; 0.000        ; 0.000      ; 0.789      ;
; 0.533  ; ClockBlk:pll0|cnt.00 ; ClockBlk:pll0|cnt.01 ; clk_sys      ; clk_sys     ; 0.000        ; 0.000      ; 0.799      ;
+--------+----------------------+----------------------+--------------+-------------+--------------+------------+------------+


+--------------------------------------------------------------------------------------------------------------+
; Slow Model Minimum Pulse Width: 'clk_sys'                                                                    ;
+--------+--------------+----------------+------------------+---------+------------+---------------------------+
; Slack  ; Actual Width ; Required Width ; Type             ; Clock   ; Clock Edge ; Target                    ;
+--------+--------------+----------------+------------------+---------+------------+---------------------------+
; 9.000  ; 10.000       ; 1.000          ; High Pulse Width ; clk_sys ; Rise       ; ClockBlk:pll0|c0          ;
; 9.000  ; 10.000       ; 1.000          ; Low Pulse Width  ; clk_sys ; Rise       ; ClockBlk:pll0|c0          ;
; 9.000  ; 10.000       ; 1.000          ; High Pulse Width ; clk_sys ; Rise       ; ClockBlk:pll0|c1          ;
; 9.000  ; 10.000       ; 1.000          ; Low Pulse Width  ; clk_sys ; Rise       ; ClockBlk:pll0|c1          ;
; 9.000  ; 10.000       ; 1.000          ; High Pulse Width ; clk_sys ; Rise       ; ClockBlk:pll0|c2          ;
; 9.000  ; 10.000       ; 1.000          ; Low Pulse Width  ; clk_sys ; Rise       ; ClockBlk:pll0|c2          ;
; 9.000  ; 10.000       ; 1.000          ; High Pulse Width ; clk_sys ; Rise       ; ClockBlk:pll0|cnt.00      ;
; 9.000  ; 10.000       ; 1.000          ; Low Pulse Width  ; clk_sys ; Rise       ; ClockBlk:pll0|cnt.00      ;
; 9.000  ; 10.000       ; 1.000          ; High Pulse Width ; clk_sys ; Rise       ; ClockBlk:pll0|cnt.01      ;
; 9.000  ; 10.000       ; 1.000          ; Low Pulse Width  ; clk_sys ; Rise       ; ClockBlk:pll0|cnt.01      ;
; 9.000  ; 10.000       ; 1.000          ; High Pulse Width ; clk_sys ; Rise       ; ClockBlk:pll0|cnt.10      ;
; 9.000  ; 10.000       ; 1.000          ; Low Pulse Width  ; clk_sys ; Rise       ; ClockBlk:pll0|cnt.10      ;
; 9.000  ; 10.000       ; 1.000          ; High Pulse Width ; clk_sys ; Rise       ; ClockBlk:pll0|cnt.11      ;
; 9.000  ; 10.000       ; 1.000          ; Low Pulse Width  ; clk_sys ; Rise       ; ClockBlk:pll0|cnt.11      ;
; 10.000 ; 10.000       ; 0.000          ; High Pulse Width ; clk_sys ; Rise       ; CLOCK_50|combout          ;
; 10.000 ; 10.000       ; 0.000          ; Low Pulse Width  ; clk_sys ; Rise       ; CLOCK_50|combout          ;
; 10.000 ; 10.000       ; 0.000          ; High Pulse Width ; clk_sys ; Rise       ; CLOCK_50~clkctrl|inclk[0] ;
; 10.000 ; 10.000       ; 0.000          ; Low Pulse Width  ; clk_sys ; Rise       ; CLOCK_50~clkctrl|inclk[0] ;
; 10.000 ; 10.000       ; 0.000          ; High Pulse Width ; clk_sys ; Rise       ; CLOCK_50~clkctrl|outclk   ;
; 10.000 ; 10.000       ; 0.000          ; Low Pulse Width  ; clk_sys ; Rise       ; CLOCK_50~clkctrl|outclk   ;
; 10.000 ; 10.000       ; 0.000          ; High Pulse Width ; clk_sys ; Rise       ; pll0|c0|clk               ;
; 10.000 ; 10.000       ; 0.000          ; Low Pulse Width  ; clk_sys ; Rise       ; pll0|c0|clk               ;
; 10.000 ; 10.000       ; 0.000          ; High Pulse Width ; clk_sys ; Rise       ; pll0|c1|clk               ;
; 10.000 ; 10.000       ; 0.000          ; Low Pulse Width  ; clk_sys ; Rise       ; pll0|c1|clk               ;
; 10.000 ; 10.000       ; 0.000          ; High Pulse Width ; clk_sys ; Rise       ; pll0|c2|clk               ;
; 10.000 ; 10.000       ; 0.000          ; Low Pulse Width  ; clk_sys ; Rise       ; pll0|c2|clk               ;
; 10.000 ; 10.000       ; 0.000          ; High Pulse Width ; clk_sys ; Rise       ; pll0|cnt.00|clk           ;
; 10.000 ; 10.000       ; 0.000          ; Low Pulse Width  ; clk_sys ; Rise       ; pll0|cnt.00|clk           ;
; 10.000 ; 10.000       ; 0.000          ; High Pulse Width ; clk_sys ; Rise       ; pll0|cnt.01|clk           ;
; 10.000 ; 10.000       ; 0.000          ; Low Pulse Width  ; clk_sys ; Rise       ; pll0|cnt.01|clk           ;
; 10.000 ; 10.000       ; 0.000          ; High Pulse Width ; clk_sys ; Rise       ; pll0|cnt.10|clk           ;
; 10.000 ; 10.000       ; 0.000          ; Low Pulse Width  ; clk_sys ; Rise       ; pll0|cnt.10|clk           ;
; 10.000 ; 10.000       ; 0.000          ; High Pulse Width ; clk_sys ; Rise       ; pll0|cnt.11|clk           ;
; 10.000 ; 10.000       ; 0.000          ; Low Pulse Width  ; clk_sys ; Rise       ; pll0|cnt.11|clk           ;
; 17.620 ; 20.000       ; 2.380          ; Port Rate        ; clk_sys ; Rise       ; CLOCK_50                  ;
+--------+--------------+----------------+------------------+---------+------------+---------------------------+


-------------------------------
; Slow Model Datasheet Report ;
-------------------------------
Nothing to report.


+----------------------------------+
; Fast Model Setup Summary         ;
+---------+--------+---------------+
; Clock   ; Slack  ; End Point TNS ;
+---------+--------+---------------+
; clk_sys ; 19.518 ; 0.000         ;
+---------+--------+---------------+


+---------------------------------+
; Fast Model Hold Summary         ;
+---------+-------+---------------+
; Clock   ; Slack ; End Point TNS ;
+---------+-------+---------------+
; clk_sys ; 0.053 ; 0.000         ;
+---------+-------+---------------+


-------------------------------
; Fast Model Recovery Summary ;
-------------------------------
No paths to report.


------------------------------
; Fast Model Removal Summary ;
------------------------------
No paths to report.


+----------------------------------------+
; Fast Model Minimum Pulse Width Summary ;
+---------+-------+----------------------+
; Clock   ; Slack ; End Point TNS        ;
+---------+-------+----------------------+
; clk_sys ; 9.000 ; 0.000                ;
+---------+-------+----------------------+


+----------------------------------------------------------------------------------------------------------------------------+
; Fast Model Setup: 'clk_sys'                                                                                                ;
+--------+----------------------+----------------------+--------------+-------------+--------------+------------+------------+
; Slack  ; From Node            ; To Node              ; Launch Clock ; Latch Clock ; Relationship ; Clock Skew ; Data Delay ;
+--------+----------------------+----------------------+--------------+-------------+--------------+------------+------------+
; 19.518 ; ClockBlk:pll0|cnt.01 ; ClockBlk:pll0|c2     ; clk_sys      ; clk_sys     ; 20.000       ; 0.188      ; 0.702      ;
; 19.612 ; ClockBlk:pll0|cnt.00 ; ClockBlk:pll0|cnt.01 ; clk_sys      ; clk_sys     ; 20.000       ; 0.000      ; 0.420      ;
; 19.616 ; ClockBlk:pll0|cnt.00 ; ClockBlk:pll0|c2     ; clk_sys      ; clk_sys     ; 20.000       ; 0.188      ; 0.604      ;
; 19.619 ; ClockBlk:pll0|cnt.11 ; ClockBlk:pll0|cnt.00 ; clk_sys      ; clk_sys     ; 20.000       ; 0.000      ; 0.413      ;
; 19.639 ; ClockBlk:pll0|cnt.01 ; ClockBlk:pll0|cnt.10 ; clk_sys      ; clk_sys     ; 20.000       ; 0.000      ; 0.393      ;
; 19.640 ; ClockBlk:pll0|cnt.10 ; ClockBlk:pll0|cnt.11 ; clk_sys      ; clk_sys     ; 20.000       ; 0.000      ; 0.392      ;
; 19.702 ; ClockBlk:pll0|cnt.00 ; ClockBlk:pll0|c1     ; clk_sys      ; clk_sys     ; 20.000       ; 0.188      ; 0.518      ;
; 19.703 ; ClockBlk:pll0|cnt.01 ; ClockBlk:pll0|c0     ; clk_sys      ; clk_sys     ; 20.000       ; 0.188      ; 0.517      ;
; 19.801 ; ClockBlk:pll0|cnt.00 ; ClockBlk:pll0|c0     ; clk_sys      ; clk_sys     ; 20.000       ; 0.188      ; 0.419      ;
; 19.827 ; ClockBlk:pll0|cnt.11 ; ClockBlk:pll0|c1     ; clk_sys      ; clk_sys     ; 20.000       ; 0.188      ; 0.393      ;
+--------+----------------------+----------------------+--------------+-------------+--------------+------------+------------+


+---------------------------------------------------------------------------------------------------------------------------+
; Fast Model Hold: 'clk_sys'                                                                                                ;
+-------+----------------------+----------------------+--------------+-------------+--------------+------------+------------+
; Slack ; From Node            ; To Node              ; Launch Clock ; Latch Clock ; Relationship ; Clock Skew ; Data Delay ;
+-------+----------------------+----------------------+--------------+-------------+--------------+------------+------------+
; 0.053 ; ClockBlk:pll0|cnt.11 ; ClockBlk:pll0|c1     ; clk_sys      ; clk_sys     ; 0.000        ; 0.188      ; 0.393      ;
; 0.079 ; ClockBlk:pll0|cnt.00 ; ClockBlk:pll0|c0     ; clk_sys      ; clk_sys     ; 0.000        ; 0.188      ; 0.419      ;
; 0.177 ; ClockBlk:pll0|cnt.01 ; ClockBlk:pll0|c0     ; clk_sys      ; clk_sys     ; 0.000        ; 0.188      ; 0.517      ;
; 0.178 ; ClockBlk:pll0|cnt.00 ; ClockBlk:pll0|c1     ; clk_sys      ; clk_sys     ; 0.000        ; 0.188      ; 0.518      ;
; 0.240 ; ClockBlk:pll0|cnt.10 ; ClockBlk:pll0|cnt.11 ; clk_sys      ; clk_sys     ; 0.000        ; 0.000      ; 0.392      ;
; 0.241 ; ClockBlk:pll0|cnt.01 ; ClockBlk:pll0|cnt.10 ; clk_sys      ; clk_sys     ; 0.000        ; 0.000      ; 0.393      ;
; 0.261 ; ClockBlk:pll0|cnt.11 ; ClockBlk:pll0|cnt.00 ; clk_sys      ; clk_sys     ; 0.000        ; 0.000      ; 0.413      ;
; 0.264 ; ClockBlk:pll0|cnt.00 ; ClockBlk:pll0|c2     ; clk_sys      ; clk_sys     ; 0.000        ; 0.188      ; 0.604      ;
; 0.268 ; ClockBlk:pll0|cnt.00 ; ClockBlk:pll0|cnt.01 ; clk_sys      ; clk_sys     ; 0.000        ; 0.000      ; 0.420      ;
; 0.362 ; ClockBlk:pll0|cnt.01 ; ClockBlk:pll0|c2     ; clk_sys      ; clk_sys     ; 0.000        ; 0.188      ; 0.702      ;
+-------+----------------------+----------------------+--------------+-------------+--------------+------------+------------+


+--------------------------------------------------------------------------------------------------------------+
; Fast Model Minimum Pulse Width: 'clk_sys'                                                                    ;
+--------+--------------+----------------+------------------+---------+------------+---------------------------+
; Slack  ; Actual Width ; Required Width ; Type             ; Clock   ; Clock Edge ; Target                    ;
+--------+--------------+----------------+------------------+---------+------------+---------------------------+
; 9.000  ; 10.000       ; 1.000          ; High Pulse Width ; clk_sys ; Rise       ; ClockBlk:pll0|c0          ;
; 9.000  ; 10.000       ; 1.000          ; Low Pulse Width  ; clk_sys ; Rise       ; ClockBlk:pll0|c0          ;
; 9.000  ; 10.000       ; 1.000          ; High Pulse Width ; clk_sys ; Rise       ; ClockBlk:pll0|c1          ;
; 9.000  ; 10.000       ; 1.000          ; Low Pulse Width  ; clk_sys ; Rise       ; ClockBlk:pll0|c1          ;
; 9.000  ; 10.000       ; 1.000          ; High Pulse Width ; clk_sys ; Rise       ; ClockBlk:pll0|c2          ;
; 9.000  ; 10.000       ; 1.000          ; Low Pulse Width  ; clk_sys ; Rise       ; ClockBlk:pll0|c2          ;
; 9.000  ; 10.000       ; 1.000          ; High Pulse Width ; clk_sys ; Rise       ; ClockBlk:pll0|cnt.00      ;
; 9.000  ; 10.000       ; 1.000          ; Low Pulse Width  ; clk_sys ; Rise       ; ClockBlk:pll0|cnt.00      ;
; 9.000  ; 10.000       ; 1.000          ; High Pulse Width ; clk_sys ; Rise       ; ClockBlk:pll0|cnt.01      ;
; 9.000  ; 10.000       ; 1.000          ; Low Pulse Width  ; clk_sys ; Rise       ; ClockBlk:pll0|cnt.01      ;
; 9.000  ; 10.000       ; 1.000          ; High Pulse Width ; clk_sys ; Rise       ; ClockBlk:pll0|cnt.10      ;
; 9.000  ; 10.000       ; 1.000          ; Low Pulse Width  ; clk_sys ; Rise       ; ClockBlk:pll0|cnt.10      ;
; 9.000  ; 10.000       ; 1.000          ; High Pulse Width ; clk_sys ; Rise       ; ClockBlk:pll0|cnt.11      ;
; 9.000  ; 10.000       ; 1.000          ; Low Pulse Width  ; clk_sys ; Rise       ; ClockBlk:pll0|cnt.11      ;
; 10.000 ; 10.000       ; 0.000          ; High Pulse Width ; clk_sys ; Rise       ; CLOCK_50|combout          ;
; 10.000 ; 10.000       ; 0.000          ; Low Pulse Width  ; clk_sys ; Rise       ; CLOCK_50|combout          ;
; 10.000 ; 10.000       ; 0.000          ; High Pulse Width ; clk_sys ; Rise       ; CLOCK_50~clkctrl|inclk[0] ;
; 10.000 ; 10.000       ; 0.000          ; Low Pulse Width  ; clk_sys ; Rise       ; CLOCK_50~clkctrl|inclk[0] ;
; 10.000 ; 10.000       ; 0.000          ; High Pulse Width ; clk_sys ; Rise       ; CLOCK_50~clkctrl|outclk   ;
; 10.000 ; 10.000       ; 0.000          ; Low Pulse Width  ; clk_sys ; Rise       ; CLOCK_50~clkctrl|outclk   ;
; 10.000 ; 10.000       ; 0.000          ; High Pulse Width ; clk_sys ; Rise       ; pll0|c0|clk               ;
; 10.000 ; 10.000       ; 0.000          ; Low Pulse Width  ; clk_sys ; Rise       ; pll0|c0|clk               ;
; 10.000 ; 10.000       ; 0.000          ; High Pulse Width ; clk_sys ; Rise       ; pll0|c1|clk               ;
; 10.000 ; 10.000       ; 0.000          ; Low Pulse Width  ; clk_sys ; Rise       ; pll0|c1|clk               ;
; 10.000 ; 10.000       ; 0.000          ; High Pulse Width ; clk_sys ; Rise       ; pll0|c2|clk               ;
; 10.000 ; 10.000       ; 0.000          ; Low Pulse Width  ; clk_sys ; Rise       ; pll0|c2|clk               ;
; 10.000 ; 10.000       ; 0.000          ; High Pulse Width ; clk_sys ; Rise       ; pll0|cnt.00|clk           ;
; 10.000 ; 10.000       ; 0.000          ; Low Pulse Width  ; clk_sys ; Rise       ; pll0|cnt.00|clk           ;
; 10.000 ; 10.000       ; 0.000          ; High Pulse Width ; clk_sys ; Rise       ; pll0|cnt.01|clk           ;
; 10.000 ; 10.000       ; 0.000          ; Low Pulse Width  ; clk_sys ; Rise       ; pll0|cnt.01|clk           ;
; 10.000 ; 10.000       ; 0.000          ; High Pulse Width ; clk_sys ; Rise       ; pll0|cnt.10|clk           ;
; 10.000 ; 10.000       ; 0.000          ; Low Pulse Width  ; clk_sys ; Rise       ; pll0|cnt.10|clk           ;
; 10.000 ; 10.000       ; 0.000          ; High Pulse Width ; clk_sys ; Rise       ; pll0|cnt.11|clk           ;
; 10.000 ; 10.000       ; 0.000          ; Low Pulse Width  ; clk_sys ; Rise       ; pll0|cnt.11|clk           ;
; 17.620 ; 20.000       ; 2.380          ; Port Rate        ; clk_sys ; Rise       ; CLOCK_50                  ;
+--------+--------------+----------------+------------------+---------+------------+---------------------------+


-------------------------------
; Fast Model Datasheet Report ;
-------------------------------
Nothing to report.


+-------------------------------------------------------------------------------+
; Multicorner Timing Analysis Summary                                           ;
+------------------+--------+--------+----------+---------+---------------------+
; Clock            ; Setup  ; Hold   ; Recovery ; Removal ; Minimum Pulse Width ;
+------------------+--------+--------+----------+---------+---------------------+
; Worst-case Slack ; 19.237 ; -0.205 ; N/A      ; N/A     ; 9.000               ;
;  clk_sys         ; 19.237 ; -0.205 ; N/A      ; N/A     ; 9.000               ;
; Design-wide TNS  ; 0.0    ; -0.401 ; 0.0      ; 0.0     ; 0.0                 ;
;  clk_sys         ; 0.000  ; -0.401 ; N/A      ; N/A     ; 0.000               ;
+------------------+--------+--------+----------+---------+---------------------+


+-------------------------------------------------------------------+
; Setup Transfers                                                   ;
+------------+----------+----------+----------+----------+----------+
; From Clock ; To Clock ; RR Paths ; FR Paths ; RF Paths ; FF Paths ;
+------------+----------+----------+----------+----------+----------+
; clk_sys    ; clk_sys  ; 10       ; 0        ; 0        ; 0        ;
+------------+----------+----------+----------+----------+----------+
Entries labeled "false path" only account for clock-to-clock false paths and not path-based false paths. As a result, actual path counts may be lower than reported.


+-------------------------------------------------------------------+
; Hold Transfers                                                    ;
+------------+----------+----------+----------+----------+----------+
; From Clock ; To Clock ; RR Paths ; FR Paths ; RF Paths ; FF Paths ;
+------------+----------+----------+----------+----------+----------+
; clk_sys    ; clk_sys  ; 10       ; 0        ; 0        ; 0        ;
+------------+----------+----------+----------+----------+----------+
Entries labeled "false path" only account for clock-to-clock false paths and not path-based false paths. As a result, actual path counts may be lower than reported.


---------------
; Report TCCS ;
---------------
No dedicated SERDES Transmitter circuitry present in device or used in design


---------------
; Report RSKM ;
---------------
No dedicated SERDES Receiver circuitry present in device or used in design


+------------------------------------------------+
; Unconstrained Paths                            ;
+---------------------------------+-------+------+
; Property                        ; Setup ; Hold ;
+---------------------------------+-------+------+
; Illegal Clocks                  ; 0     ; 0    ;
; Unconstrained Clocks            ; 3     ; 3    ;
; Unconstrained Input Ports       ; 22    ; 22   ;
; Unconstrained Input Port Paths  ; 316   ; 316  ;
; Unconstrained Output Ports      ; 83    ; 83   ;
; Unconstrained Output Port Paths ; 83    ; 83   ;
+---------------------------------+-------+------+


+------------------------------------+
; TimeQuest Timing Analyzer Messages ;
+------------------------------------+
Info: *******************************************************************
Info: Running Quartus II 64-Bit TimeQuest Timing Analyzer
    Info: Version 13.0.1 Build 232 06/12/2013 Service Pack 1 SJ Full Version
    Info: Processing started: Sat May 23 18:46:44 2020
Info: Command: quartus_sta MIPS_System -c MIPS_System
Info: qsta_default_script.tcl version: #1
Info (11104): Parallel Compilation has detected 16 hyper-threaded processors. However, the extra hyper-threaded processors will not be used by default. Parallel Compilation will use 8 of the 8 physical processors detected instead.
Info (21077): Low junction temperature is 0 degrees C
Info (21077): High junction temperature is 85 degrees C
Info (332104): Reading SDC File: 'MIPS_System.sdc'
Warning (332060): Node: ClockBlk:pll0|c2 was determined to be a clock but was found without an associated clock assignment.
Warning (332060): Node: ClockBlk:pll0|c1 was determined to be a clock but was found without an associated clock assignment.
Warning (332060): Node: ClockBlk:pll0|c0 was determined to be a clock but was found without an associated clock assignment.
Info: Found TIMEQUEST_REPORT_SCRIPT_INCLUDE_DEFAULT_ANALYSIS = ON
Info: Analyzing Slow Model
Info (332146): Worst-case setup slack is 19.237
    Info (332119):     Slack End Point TNS Clock 
    Info (332119): ========= ============= =====================
    Info (332119):    19.237         0.000 clk_sys 
Critical Warning (332148): Timing requirements not met
Info (332146): Worst-case hold slack is -0.205
    Info (332119):     Slack End Point TNS Clock 
    Info (332119): ========= ============= =====================
    Info (332119):    -0.205        -0.401 clk_sys 
Info (332140): No Recovery paths to report
Info (332140): No Removal paths to report
Info (332146): Worst-case minimum pulse width slack is 9.000
    Info (332119):     Slack End Point TNS Clock 
    Info (332119): ========= ============= =====================
    Info (332119):     9.000         0.000 clk_sys 
Info (332001): The selected device family is not supported by the report_metastability command.
Info: Analyzing Fast Model
Warning (332060): Node: ClockBlk:pll0|c2 was determined to be a clock but was found without an associated clock assignment.
Warning (332060): Node: ClockBlk:pll0|c1 was determined to be a clock but was found without an associated clock assignment.
Warning (332060): Node: ClockBlk:pll0|c0 was determined to be a clock but was found without an associated clock assignment.
Info (332146): Worst-case setup slack is 19.518
    Info (332119):     Slack End Point TNS Clock 
    Info (332119): ========= ============= =====================
    Info (332119):    19.518         0.000 clk_sys 
Info (332146): Worst-case hold slack is 0.053
    Info (332119):     Slack End Point TNS Clock 
    Info (332119): ========= ============= =====================
    Info (332119):     0.053         0.000 clk_sys 
Info (332140): No Recovery paths to report
Info (332140): No Removal paths to report
Info (332146): Worst-case minimum pulse width slack is 9.000
    Info (332119):     Slack End Point TNS Clock 
    Info (332119): ========= ============= =====================
    Info (332119):     9.000         0.000 clk_sys 
Info (332001): The selected device family is not supported by the report_metastability command.
Info (332102): Design is not fully constrained for setup requirements
Info (332102): Design is not fully constrained for hold requirements
Info: Quartus II 64-Bit TimeQuest Timing Analyzer was successful. 0 errors, 7 warnings
    Info: Peak virtual memory: 4617 megabytes
    Info: Processing ended: Sat May 23 18:46:46 2020
    Info: Elapsed time: 00:00:02
    Info: Total CPU time (on all processors): 00:00:01


