Analysis & Synthesis report for Top
Wed Nov 27 16:45:39 2019
Quartus II 64-Bit Version 13.0.1 Build 232 06/12/2013 Service Pack 1 SJ Full Version


---------------------
; Table of Contents ;
---------------------
  1. Legal Notice
  2. Analysis & Synthesis Summary
  3. Analysis & Synthesis Settings
  4. Parallel Compilation
  5. Analysis & Synthesis Source Files Read
  6. Analysis & Synthesis Resource Usage Summary
  7. Analysis & Synthesis Resource Utilization by Entity
  8. State Machine - |Top|ControllerRx:CRx|pstate
  9. State Machine - |Top|ControllerTx:CTx|pstate
 10. Registers Removed During Synthesis
 11. General Register Statistics
 12. Multiplexer Restructuring Statistics (Restructuring Performed)
 13. Parameter Settings for User Entity Instance: Top-level Entity: |Top
 14. Parameter Settings for User Entity Instance: BaudGeneratorTx:BGTx
 15. Parameter Settings for User Entity Instance: BaudGeneratorRx:BGRx
 16. Parameter Settings for User Entity Instance: ControllerTx:CTx
 17. Parameter Settings for User Entity Instance: ControllerRx:CRx
 18. Port Connectivity Checks: "Decoder7SegmentRx:D7SHex6"
 19. Port Connectivity Checks: "ShiftRegisterRx:SRRx"
 20. Port Connectivity Checks: "ShiftRegisterTx:SRTx"
 21. Elapsed Time Per Partition
 22. Analysis & Synthesis Messages
 23. Analysis & Synthesis Suppressed Messages



----------------
; Legal Notice ;
----------------
Copyright (C) 1991-2013 Altera Corporation
Your use of Altera Corporation's design tools, logic functions 
and other software and tools, and its AMPP partner logic 
functions, and any output files from any of the foregoing 
(including device programming or simulation files), and any 
associated documentation or information are expressly subject 
to the terms and conditions of the Altera Program License 
Subscription Agreement, Altera MegaCore Function License 
Agreement, or other applicable license agreement, including, 
without limitation, that your use is for the sole purpose of 
programming logic devices manufactured by Altera and sold by 
Altera or its authorized distributors.  Please refer to the 
applicable agreement for further details.



+---------------------------------------------------------------------------------------+
; Analysis & Synthesis Summary                                                          ;
+------------------------------------+--------------------------------------------------+
; Analysis & Synthesis Status        ; Successful - Wed Nov 27 16:45:39 2019            ;
; Quartus II 64-Bit Version          ; 13.0.1 Build 232 06/12/2013 SP 1 SJ Full Version ;
; Revision Name                      ; Top                                              ;
; Top-level Entity Name              ; Top                                              ;
; Family                             ; Cyclone II                                       ;
; Total logic elements               ; 142                                              ;
;     Total combinational functions  ; 134                                              ;
;     Dedicated logic registers      ; 73                                               ;
; Total registers                    ; 73                                               ;
; Total pins                         ; 28                                               ;
; Total virtual pins                 ; 0                                                ;
; Total memory bits                  ; 0                                                ;
; Embedded Multiplier 9-bit elements ; 0                                                ;
; Total PLLs                         ; 0                                                ;
+------------------------------------+--------------------------------------------------+


+----------------------------------------------------------------------------------------------------------------------+
; Analysis & Synthesis Settings                                                                                        ;
+----------------------------------------------------------------------------+--------------------+--------------------+
; Option                                                                     ; Setting            ; Default Value      ;
+----------------------------------------------------------------------------+--------------------+--------------------+
; Device                                                                     ; EP2C35F672C6       ;                    ;
; Top-level entity name                                                      ; Top                ; Top                ;
; Family name                                                                ; Cyclone II         ; Cyclone IV GX      ;
; Use smart compilation                                                      ; Off                ; Off                ;
; Enable parallel Assembler and TimeQuest Timing Analyzer during compilation ; On                 ; On                 ;
; Enable compact report table                                                ; Off                ; Off                ;
; Restructure Multiplexers                                                   ; Auto               ; Auto               ;
; Create Debugging Nodes for IP Cores                                        ; Off                ; Off                ;
; Preserve fewer node names                                                  ; On                 ; On                 ;
; Disable OpenCore Plus hardware evaluation                                  ; Off                ; Off                ;
; Verilog Version                                                            ; Verilog_2001       ; Verilog_2001       ;
; VHDL Version                                                               ; VHDL_1993          ; VHDL_1993          ;
; State Machine Processing                                                   ; Auto               ; Auto               ;
; Safe State Machine                                                         ; Off                ; Off                ;
; Extract Verilog State Machines                                             ; On                 ; On                 ;
; Extract VHDL State Machines                                                ; On                 ; On                 ;
; Ignore Verilog initial constructs                                          ; Off                ; Off                ;
; Iteration limit for constant Verilog loops                                 ; 5000               ; 5000               ;
; Iteration limit for non-constant Verilog loops                             ; 250                ; 250                ;
; Add Pass-Through Logic to Inferred RAMs                                    ; On                 ; On                 ;
; Infer RAMs from Raw Logic                                                  ; On                 ; On                 ;
; Parallel Synthesis                                                         ; On                 ; On                 ;
; DSP Block Balancing                                                        ; Auto               ; Auto               ;
; NOT Gate Push-Back                                                         ; On                 ; On                 ;
; Power-Up Don't Care                                                        ; On                 ; On                 ;
; Remove Redundant Logic Cells                                               ; Off                ; Off                ;
; Remove Duplicate Registers                                                 ; On                 ; On                 ;
; Ignore CARRY Buffers                                                       ; Off                ; Off                ;
; Ignore CASCADE Buffers                                                     ; Off                ; Off                ;
; Ignore GLOBAL Buffers                                                      ; Off                ; Off                ;
; Ignore ROW GLOBAL Buffers                                                  ; Off                ; Off                ;
; Ignore LCELL Buffers                                                       ; Off                ; Off                ;
; Ignore SOFT Buffers                                                        ; On                 ; On                 ;
; Limit AHDL Integers to 32 Bits                                             ; Off                ; Off                ;
; Optimization Technique                                                     ; Balanced           ; Balanced           ;
; Carry Chain Length                                                         ; 70                 ; 70                 ;
; Auto Carry Chains                                                          ; On                 ; On                 ;
; Auto Open-Drain Pins                                                       ; On                 ; On                 ;
; Perform WYSIWYG Primitive Resynthesis                                      ; Off                ; Off                ;
; Auto ROM Replacement                                                       ; On                 ; On                 ;
; Auto RAM Replacement                                                       ; On                 ; On                 ;
; Auto Shift Register Replacement                                            ; Auto               ; Auto               ;
; Allow Shift Register Merging across Hierarchies                            ; Auto               ; Auto               ;
; Auto Clock Enable Replacement                                              ; On                 ; On                 ;
; Strict RAM Replacement                                                     ; Off                ; Off                ;
; Allow Synchronous Control Signals                                          ; On                 ; On                 ;
; Force Use of Synchronous Clear Signals                                     ; Off                ; Off                ;
; Auto RAM to Logic Cell Conversion                                          ; Off                ; Off                ;
; Auto Resource Sharing                                                      ; Off                ; Off                ;
; Allow Any RAM Size For Recognition                                         ; Off                ; Off                ;
; Allow Any ROM Size For Recognition                                         ; Off                ; Off                ;
; Allow Any Shift Register Size For Recognition                              ; Off                ; Off                ;
; Use LogicLock Constraints during Resource Balancing                        ; On                 ; On                 ;
; Ignore translate_off and synthesis_off directives                          ; Off                ; Off                ;
; Timing-Driven Synthesis                                                    ; Off                ; Off                ;
; Report Parameter Settings                                                  ; On                 ; On                 ;
; Report Source Assignments                                                  ; On                 ; On                 ;
; Report Connectivity Checks                                                 ; On                 ; On                 ;
; Ignore Maximum Fan-Out Assignments                                         ; Off                ; Off                ;
; Synchronization Register Chain Length                                      ; 2                  ; 2                  ;
; PowerPlay Power Optimization                                               ; Normal compilation ; Normal compilation ;
; HDL message level                                                          ; Level2             ; Level2             ;
; Suppress Register Optimization Related Messages                            ; Off                ; Off                ;
; Number of Removed Registers Reported in Synthesis Report                   ; 5000               ; 5000               ;
; Number of Swept Nodes Reported in Synthesis Report                         ; 5000               ; 5000               ;
; Number of Inverted Registers Reported in Synthesis Report                  ; 100                ; 100                ;
; Clock MUX Protection                                                       ; On                 ; On                 ;
; Auto Gated Clock Conversion                                                ; Off                ; Off                ;
; Block Design Naming                                                        ; Auto               ; Auto               ;
; SDC constraint protection                                                  ; Off                ; Off                ;
; Synthesis Effort                                                           ; Auto               ; Auto               ;
; Shift Register Replacement - Allow Asynchronous Clear Signal               ; On                 ; On                 ;
; Pre-Mapping Resynthesis Optimization                                       ; Off                ; Off                ;
; Analysis & Synthesis Message Level                                         ; Medium             ; Medium             ;
; Disable Register Merging Across Hierarchies                                ; Auto               ; Auto               ;
; Resource Aware Inference For Block RAM                                     ; On                 ; On                 ;
; Synthesis Seed                                                             ; 1                  ; 1                  ;
+----------------------------------------------------------------------------+--------------------+--------------------+


+------------------------------------------+
; Parallel Compilation                     ;
+----------------------------+-------------+
; Processors                 ; Number      ;
+----------------------------+-------------+
; Number detected on machine ; 8           ;
; Maximum allowed            ; 4           ;
;                            ;             ;
; Average used               ; 1.00        ;
; Maximum used               ; 1           ;
;                            ;             ;
; Usage by Processor         ; % Time Used ;
;     Processor 1            ; 100.0%      ;
;     Processors 2-8         ;   0.0%      ;
+----------------------------+-------------+


+-----------------------------------------------------------------------------------------------------------------------------+
; Analysis & Synthesis Source Files Read                                                                                      ;
+----------------------------------+-----------------+------------------------+-------------------------------------+---------+
; File Name with User-Entered Path ; Used in Netlist ; File Type              ; File Name with Absolute Path        ; Library ;
+----------------------------------+-----------------+------------------------+-------------------------------------+---------+
; Top.v                            ; yes             ; User Verilog HDL File  ; M:/Assignment_1/Top.v               ;         ;
; ShiftRegisterTx.v                ; yes             ; User Verilog HDL File  ; M:/Assignment_1/ShiftRegisterTx.v   ;         ;
; ShiftRegisterRx.v                ; yes             ; User Verilog HDL File  ; M:/Assignment_1/ShiftRegisterRx.v   ;         ;
; ParityGeneratorTx.v              ; yes             ; User Verilog HDL File  ; M:/Assignment_1/ParityGeneratorTx.v ;         ;
; ErrorDetectorRx.v                ; yes             ; User Verilog HDL File  ; M:/Assignment_1/ErrorDetectorRx.v   ;         ;
; Decoder7SegmentRx.v              ; yes             ; User Verilog HDL File  ; M:/Assignment_1/Decoder7SegmentRx.v ;         ;
; DataRegisterTx.v                 ; yes             ; User Verilog HDL File  ; M:/Assignment_1/DataRegisterTx.v    ;         ;
; DataRegisterRx.v                 ; yes             ; User Verilog HDL File  ; M:/Assignment_1/DataRegisterRx.v    ;         ;
; ControllerTx.v                   ; yes             ; User Verilog HDL File  ; M:/Assignment_1/ControllerTx.v      ;         ;
; ControllerRx.v                   ; yes             ; User Verilog HDL File  ; M:/Assignment_1/ControllerRx.v      ;         ;
; BitCounterTx.v                   ; yes             ; User Verilog HDL File  ; M:/Assignment_1/BitCounterTx.v      ;         ;
; BitCounterRx.v                   ; yes             ; User Verilog HDL File  ; M:/Assignment_1/BitCounterRx.v      ;         ;
; BaudGeneratorTx.v                ; yes             ; User Verilog HDL File  ; M:/Assignment_1/BaudGeneratorTx.v   ;         ;
; BaudGeneratorRx.v                ; yes             ; User Verilog HDL File  ; M:/Assignment_1/BaudGeneratorRx.v   ;         ;
+----------------------------------+-----------------+------------------------+-------------------------------------+---------+


+-----------------------------------------------------+
; Analysis & Synthesis Resource Usage Summary         ;
+---------------------------------------------+-------+
; Resource                                    ; Usage ;
+---------------------------------------------+-------+
; Estimated Total logic elements              ; 142   ;
;                                             ;       ;
; Total combinational functions               ; 134   ;
; Logic element usage by number of LUT inputs ;       ;
;     -- 4 input functions                    ; 48    ;
;     -- 3 input functions                    ; 24    ;
;     -- <=2 input functions                  ; 62    ;
;                                             ;       ;
; Logic elements by mode                      ;       ;
;     -- normal mode                          ; 114   ;
;     -- arithmetic mode                      ; 20    ;
;                                             ;       ;
; Total registers                             ; 73    ;
;     -- Dedicated logic registers            ; 73    ;
;     -- I/O registers                        ; 0     ;
;                                             ;       ;
; I/O pins                                    ; 28    ;
; Embedded Multiplier 9-bit elements          ; 0     ;
; Maximum fan-out node                        ; clk   ;
; Maximum fan-out                             ; 73    ;
; Total fan-out                               ; 594   ;
; Average fan-out                             ; 2.53  ;
+---------------------------------------------+-------+


+--------------------------------------------------------------------------------------------------------------------------------------------------------------------------------------------+
; Analysis & Synthesis Resource Utilization by Entity                                                                                                                                        ;
+--------------------------------+-------------------+--------------+-------------+--------------+---------+-----------+------+--------------+--------------------------------+--------------+
; Compilation Hierarchy Node     ; LC Combinationals ; LC Registers ; Memory Bits ; DSP Elements ; DSP 9x9 ; DSP 18x18 ; Pins ; Virtual Pins ; Full Hierarchy Name            ; Library Name ;
+--------------------------------+-------------------+--------------+-------------+--------------+---------+-----------+------+--------------+--------------------------------+--------------+
; |Top                           ; 134 (0)           ; 73 (0)       ; 0           ; 0            ; 0       ; 0         ; 28   ; 0            ; |Top                           ; work         ;
;    |BaudGeneratorRx:BGRx|      ; 29 (29)           ; 11 (11)      ; 0           ; 0            ; 0       ; 0         ; 0    ; 0            ; |Top|BaudGeneratorRx:BGRx      ; work         ;
;    |BaudGeneratorTx:BGTx|      ; 29 (29)           ; 11 (11)      ; 0           ; 0            ; 0       ; 0         ; 0    ; 0            ; |Top|BaudGeneratorTx:BGTx      ; work         ;
;    |BitCounterRx:BCRx|         ; 7 (7)             ; 4 (4)        ; 0           ; 0            ; 0       ; 0         ; 0    ; 0            ; |Top|BitCounterRx:BCRx         ; work         ;
;    |BitCounterTx:BCTx|         ; 5 (5)             ; 4 (4)        ; 0           ; 0            ; 0       ; 0         ; 0    ; 0            ; |Top|BitCounterTx:BCTx         ; work         ;
;    |ControllerRx:CRx|          ; 4 (4)             ; 3 (3)        ; 0           ; 0            ; 0       ; 0         ; 0    ; 0            ; |Top|ControllerRx:CRx          ; work         ;
;    |ControllerTx:CTx|          ; 10 (10)           ; 4 (4)        ; 0           ; 0            ; 0       ; 0         ; 0    ; 0            ; |Top|ControllerTx:CTx          ; work         ;
;    |DataRegisterRx:DRRx|       ; 10 (10)           ; 9 (9)        ; 0           ; 0            ; 0       ; 0         ; 0    ; 0            ; |Top|DataRegisterRx:DRRx       ; work         ;
;    |DataRegisterTx:DRTx|       ; 7 (7)             ; 8 (8)        ; 0           ; 0            ; 0       ; 0         ; 0    ; 0            ; |Top|DataRegisterTx:DRTx       ; work         ;
;    |Decoder7SegmentRx:D7SHex5| ; 7 (7)             ; 0 (0)        ; 0           ; 0            ; 0       ; 0         ; 0    ; 0            ; |Top|Decoder7SegmentRx:D7SHex5 ; work         ;
;    |Decoder7SegmentRx:D7SHex6| ; 7 (7)             ; 0 (0)        ; 0           ; 0            ; 0       ; 0         ; 0    ; 0            ; |Top|Decoder7SegmentRx:D7SHex6 ; work         ;
;    |ErrorDetectorRx:EDRx|      ; 3 (3)             ; 0 (0)        ; 0           ; 0            ; 0       ; 0         ; 0    ; 0            ; |Top|ErrorDetectorRx:EDRx      ; work         ;
;    |ParityGeneratorTx:PGTx|    ; 2 (2)             ; 0 (0)        ; 0           ; 0            ; 0       ; 0         ; 0    ; 0            ; |Top|ParityGeneratorTx:PGTx    ; work         ;
;    |ShiftRegisterRx:SRRx|      ; 2 (2)             ; 9 (9)        ; 0           ; 0            ; 0       ; 0         ; 0    ; 0            ; |Top|ShiftRegisterRx:SRRx      ; work         ;
;    |ShiftRegisterTx:SRTx|      ; 12 (12)           ; 10 (10)      ; 0           ; 0            ; 0       ; 0         ; 0    ; 0            ; |Top|ShiftRegisterTx:SRTx      ; work         ;
+--------------------------------+-------------------+--------------+-------------+--------------+---------+-----------+------+--------------+--------------------------------+--------------+
Note: For table entries with two numbers listed, the numbers in parentheses indicate the number of resources of the given type used by the specific entity alone. The numbers listed outside of parentheses indicate the total resources of the given type used by the specific entity and all of its sub-entities in the hierarchy.


Encoding Type:  One-Hot
+------------------------------------------------------+
; State Machine - |Top|ControllerRx:CRx|pstate         ;
+-------------+-------------+-------------+------------+
; Name        ; pstate.IDLE ; pstate.LOAD ; pstate.RCV ;
+-------------+-------------+-------------+------------+
; pstate.IDLE ; 0           ; 0           ; 0          ;
; pstate.RCV  ; 1           ; 0           ; 1          ;
; pstate.LOAD ; 1           ; 1           ; 0          ;
+-------------+-------------+-------------+------------+


Encoding Type:  One-Hot
+-----------------------------------------------------------------------+
; State Machine - |Top|ControllerTx:CTx|pstate                          ;
+--------------+-------------+--------------+-------------+-------------+
; Name         ; pstate.HOLD ; pstate.TRANS ; pstate.LOAD ; pstate.IDLE ;
+--------------+-------------+--------------+-------------+-------------+
; pstate.IDLE  ; 0           ; 0            ; 0           ; 0           ;
; pstate.LOAD  ; 0           ; 0            ; 1           ; 1           ;
; pstate.TRANS ; 0           ; 1            ; 0           ; 1           ;
; pstate.HOLD  ; 1           ; 0            ; 0           ; 1           ;
+--------------+-------------+--------------+-------------+-------------+


+------------------------------------------------------------+
; Registers Removed During Synthesis                         ;
+---------------------------------------+--------------------+
; Register name                         ; Reason for Removal ;
+---------------------------------------+--------------------+
; ControllerTx:CTx|pstate~2             ; Lost fanout        ;
; ControllerTx:CTx|pstate~3             ; Lost fanout        ;
; Total Number of Removed Registers = 2 ;                    ;
+---------------------------------------+--------------------+


+------------------------------------------------------+
; General Register Statistics                          ;
+----------------------------------------------+-------+
; Statistic                                    ; Value ;
+----------------------------------------------+-------+
; Total registers                              ; 73    ;
; Number of registers using Synchronous Clear  ; 1     ;
; Number of registers using Synchronous Load   ; 9     ;
; Number of registers using Asynchronous Clear ; 0     ;
; Number of registers using Asynchronous Load  ; 0     ;
; Number of registers using Clock Enable       ; 35    ;
; Number of registers using Preset             ; 0     ;
+----------------------------------------------+-------+


+-----------------------------------------------------------------------------------------------------------------------------------------------------+
; Multiplexer Restructuring Statistics (Restructuring Performed)                                                                                      ;
+--------------------+-----------+---------------+----------------------+------------------------+------------+---------------------------------------+
; Multiplexer Inputs ; Bus Width ; Baseline Area ; Area if Restructured ; Saving if Restructured ; Registered ; Example Multiplexer Output            ;
+--------------------+-----------+---------------+----------------------+------------------------+------------+---------------------------------------+
; 3:1                ; 9 bits    ; 18 LEs        ; 9 LEs                ; 9 LEs                  ; Yes        ; |Top|DataRegisterRx:DRRx|data_out[5]  ;
; 3:1                ; 9 bits    ; 18 LEs        ; 9 LEs                ; 9 LEs                  ; Yes        ; |Top|ShiftRegisterRx:SRRx|data[5]     ;
; 4:1                ; 11 bits   ; 22 LEs        ; 22 LEs               ; 0 LEs                  ; Yes        ; |Top|BaudGeneratorTx:BGTx|counter[4]  ;
; 4:1                ; 11 bits   ; 22 LEs        ; 22 LEs               ; 0 LEs                  ; Yes        ; |Top|BaudGeneratorRx:BGRx|counter[9]  ;
; 4:1                ; 2 bits    ; 4 LEs         ; 4 LEs                ; 0 LEs                  ; Yes        ; |Top|ShiftRegisterTx:SRTx|data[0]     ;
; 4:1                ; 7 bits    ; 14 LEs        ; 14 LEs               ; 0 LEs                  ; Yes        ; |Top|ShiftRegisterTx:SRTx|data[8]     ;
; 4:1                ; 4 bits    ; 8 LEs         ; 4 LEs                ; 4 LEs                  ; Yes        ; |Top|BitCounterRx:BCRx|bit_counter[3] ;
; 4:1                ; 4 bits    ; 8 LEs         ; 4 LEs                ; 4 LEs                  ; Yes        ; |Top|BitCounterTx:BCTx|bit_counter[3] ;
; 8:1                ; 4 bits    ; 20 LEs        ; 16 LEs               ; 4 LEs                  ; No         ; |Top|ControllerTx:CTx|pstate          ;
+--------------------+-----------+---------------+----------------------+------------------------+------------+---------------------------------------+


+---------------------------------------------------------------------+
; Parameter Settings for User Entity Instance: Top-level Entity: |Top ;
+----------------+-------------+--------------------------------------+
; Parameter Name ; Value       ; Type                                 ;
+----------------+-------------+--------------------------------------+
; BAUDRATE       ; 00000000110 ; Unsigned Binary                      ;
+----------------+-------------+--------------------------------------+
Note: In order to hide this table in the UI and the text report file, please set the "Show Parameter Settings in Synthesis Report" option in "Analysis and Synthesis Settings -> More Settings" to "Off".


+-------------------------------------------------------------------+
; Parameter Settings for User Entity Instance: BaudGeneratorTx:BGTx ;
+----------------+-------------+------------------------------------+
; Parameter Name ; Value       ; Type                               ;
+----------------+-------------+------------------------------------+
; BAUDRATE       ; 00000000110 ; Unsigned Binary                    ;
+----------------+-------------+------------------------------------+
Note: In order to hide this table in the UI and the text report file, please set the "Show Parameter Settings in Synthesis Report" option in "Analysis and Synthesis Settings -> More Settings" to "Off".


+-------------------------------------------------------------------+
; Parameter Settings for User Entity Instance: BaudGeneratorRx:BGRx ;
+----------------+-------------+------------------------------------+
; Parameter Name ; Value       ; Type                               ;
+----------------+-------------+------------------------------------+
; BAUDRATE       ; 00000000110 ; Unsigned Binary                    ;
+----------------+-------------+------------------------------------+
Note: In order to hide this table in the UI and the text report file, please set the "Show Parameter Settings in Synthesis Report" option in "Analysis and Synthesis Settings -> More Settings" to "Off".


+---------------------------------------------------------------+
; Parameter Settings for User Entity Instance: ControllerTx:CTx ;
+----------------+-------+--------------------------------------+
; Parameter Name ; Value ; Type                                 ;
+----------------+-------+--------------------------------------+
; IDLE           ; 00    ; Unsigned Binary                      ;
; LOAD           ; 01    ; Unsigned Binary                      ;
; TRANS          ; 10    ; Unsigned Binary                      ;
; HOLD           ; 11    ; Unsigned Binary                      ;
+----------------+-------+--------------------------------------+
Note: In order to hide this table in the UI and the text report file, please set the "Show Parameter Settings in Synthesis Report" option in "Analysis and Synthesis Settings -> More Settings" to "Off".


+---------------------------------------------------------------+
; Parameter Settings for User Entity Instance: ControllerRx:CRx ;
+----------------+-------+--------------------------------------+
; Parameter Name ; Value ; Type                                 ;
+----------------+-------+--------------------------------------+
; IDLE           ; 00    ; Unsigned Binary                      ;
; RCV            ; 01    ; Unsigned Binary                      ;
; LOAD           ; 10    ; Unsigned Binary                      ;
+----------------+-------+--------------------------------------+
Note: In order to hide this table in the UI and the text report file, please set the "Show Parameter Settings in Synthesis Report" option in "Analysis and Synthesis Settings -> More Settings" to "Off".


+-------------------------------------------------------+
; Port Connectivity Checks: "Decoder7SegmentRx:D7SHex6" ;
+------------------+-------+----------+-----------------+
; Port             ; Type  ; Severity ; Details         ;
+------------------+-------+----------+-----------------+
; data_decoding[3] ; Input ; Info     ; Stuck at GND    ;
+------------------+-------+----------+-----------------+


+---------------------------------------------------------------------------------------------------------------------------+
; Port Connectivity Checks: "ShiftRegisterRx:SRRx"                                                                          ;
+-----------------+--------+----------+-------------------------------------------------------------------------------------+
; Port            ; Type   ; Severity ; Details                                                                             ;
+-----------------+--------+----------+-------------------------------------------------------------------------------------+
; parallel_out[0] ; Output ; Info     ; Connected to dangling logic. Logic that only feeds a dangling port will be removed. ;
+-----------------+--------+----------+-------------------------------------------------------------------------------------+


+--------------------------------------------------+
; Port Connectivity Checks: "ShiftRegisterTx:SRTx" ;
+----------------+-------+----------+--------------+
; Port           ; Type  ; Severity ; Details      ;
+----------------+-------+----------+--------------+
; parallel_in[1] ; Input ; Info     ; Stuck at GND ;
; parallel_in[0] ; Input ; Info     ; Stuck at VCC ;
+----------------+-------+----------+--------------+


+-------------------------------+
; Elapsed Time Per Partition    ;
+----------------+--------------+
; Partition Name ; Elapsed Time ;
+----------------+--------------+
; Top            ; 00:00:00     ;
+----------------+--------------+


+-------------------------------+
; Analysis & Synthesis Messages ;
+-------------------------------+
Info: *******************************************************************
Info: Running Quartus II 64-Bit Analysis & Synthesis
    Info: Version 13.0.1 Build 232 06/12/2013 Service Pack 1 SJ Full Version
    Info: Processing started: Wed Nov 27 16:45:36 2019
Info: Command: quartus_map --read_settings_files=on --write_settings_files=off Top -c Top
Info (11104): Parallel Compilation has detected 8 hyper-threaded processors. However, the extra hyper-threaded processors will not be used by default. Parallel Compilation will use 4 of the 4 physical processors detected instead.
Info (12021): Found 1 design units, including 1 entities, in source file top.v
    Info (12023): Found entity 1: Top
Info (12021): Found 1 design units, including 1 entities, in source file shiftregistertx.v
    Info (12023): Found entity 1: ShiftRegisterTx
Info (12021): Found 1 design units, including 1 entities, in source file shiftregisterrx.v
    Info (12023): Found entity 1: ShiftRegisterRx
Info (12021): Found 1 design units, including 1 entities, in source file paritygeneratortx.v
    Info (12023): Found entity 1: ParityGeneratorTx
Info (12021): Found 1 design units, including 1 entities, in source file errordetectorrx.v
    Info (12023): Found entity 1: ErrorDetectorRx
Info (12021): Found 1 design units, including 1 entities, in source file decoder7segmentrx.v
    Info (12023): Found entity 1: Decoder7SegmentRx
Info (12021): Found 1 design units, including 1 entities, in source file dataregistertx.v
    Info (12023): Found entity 1: DataRegisterTx
Info (12021): Found 1 design units, including 1 entities, in source file dataregisterrx.v
    Info (12023): Found entity 1: DataRegisterRx
Info (12021): Found 1 design units, including 1 entities, in source file controllertx.v
    Info (12023): Found entity 1: ControllerTx
Info (12021): Found 1 design units, including 1 entities, in source file controllerrx.v
    Info (12023): Found entity 1: ControllerRx
Info (12021): Found 1 design units, including 1 entities, in source file bitcountertx.v
    Info (12023): Found entity 1: BitCounterTx
Info (12021): Found 1 design units, including 1 entities, in source file bitcounterrx.v
    Info (12023): Found entity 1: BitCounterRx
Info (12021): Found 1 design units, including 1 entities, in source file baudgeneratortx.v
    Info (12023): Found entity 1: BaudGeneratorTx
Info (12021): Found 1 design units, including 1 entities, in source file baudgeneratorrx.v
    Info (12023): Found entity 1: BaudGeneratorRx
Info (12127): Elaborating entity "Top" for the top level hierarchy
Info (12128): Elaborating entity "BaudGeneratorTx" for hierarchy "BaudGeneratorTx:BGTx"
Info (12128): Elaborating entity "BaudGeneratorRx" for hierarchy "BaudGeneratorRx:BGRx"
Info (12128): Elaborating entity "DataRegisterTx" for hierarchy "DataRegisterTx:DRTx"
Info (12128): Elaborating entity "DataRegisterRx" for hierarchy "DataRegisterRx:DRRx"
Info (12128): Elaborating entity "ShiftRegisterTx" for hierarchy "ShiftRegisterTx:SRTx"
Info (12128): Elaborating entity "ShiftRegisterRx" for hierarchy "ShiftRegisterRx:SRRx"
Info (12128): Elaborating entity "BitCounterTx" for hierarchy "BitCounterTx:BCTx"
Info (12128): Elaborating entity "BitCounterRx" for hierarchy "BitCounterRx:BCRx"
Info (12128): Elaborating entity "Decoder7SegmentRx" for hierarchy "Decoder7SegmentRx:D7SHex6"
Info (12128): Elaborating entity "ControllerTx" for hierarchy "ControllerTx:CTx"
Info (12128): Elaborating entity "ControllerRx" for hierarchy "ControllerRx:CRx"
Info (12128): Elaborating entity "ParityGeneratorTx" for hierarchy "ParityGeneratorTx:PGTx"
Info (12128): Elaborating entity "ErrorDetectorRx" for hierarchy "ErrorDetectorRx:EDRx"
Info (17049): 2 registers lost all their fanouts during netlist optimizations.
Info (144001): Generated suppressed messages file M:/Assignment_1/output_files/Top.map.smsg
Info (16010): Generating hard_block partition "hard_block:auto_generated_inst"
    Info (16011): Adding 0 node(s), including 0 DDIO, 0 PLL, 0 transceiver and 0 LCELL
Info (21057): Implemented 178 device resources after synthesis - the final resource count might be different
    Info (21058): Implemented 11 input pins
    Info (21059): Implemented 17 output pins
    Info (21061): Implemented 150 logic cells
Info: Quartus II 64-Bit Analysis & Synthesis was successful. 0 errors, 0 warnings
    Info: Peak virtual memory: 4632 megabytes
    Info: Processing ended: Wed Nov 27 16:45:39 2019
    Info: Elapsed time: 00:00:03
    Info: Total CPU time (on all processors): 00:00:01


+------------------------------------------+
; Analysis & Synthesis Suppressed Messages ;
+------------------------------------------+
The suppressed messages can be found in M:/Assignment_1/output_files/Top.map.smsg.


